<?xml version="1.0" encoding="UTF-8"?>
<testng-results ignored="0" total="1" passed="1" failed="0" skipped="0">
  <reporter-output>
    <line>
      <![CDATA[Extent Report Directory/Users/mirouflyer/Desktop/ FrameWorkProject/Team10FinalFramework/Ebay/target/surefire-reports/html]]>
    </line>
    <line>
      <![CDATA[Browser is launching]]>
    </line>
    <line>
      <![CDATA[EbayHome: test]]>
    </line>
  </reporter-output>
  <suite started-at="2019-03-30T19:49:47Z" name="Ebay Automation Script " finished-at="2019-03-30T19:49:54Z" duration-ms="6998">
    <groups>
    </groups>
    <test started-at="2019-03-30T19:49:47Z" name="#ebay Home" finished-at="2019-03-30T19:49:54Z" duration-ms="6998">
      <class name="title.EbayHome">
        <test-method is-config="true" signature="extentSetup(org.testng.ITestContext)[pri:0, instance:title.EbayHome@7b98f307]" started-at="2019-03-30T19:49:42Z" name="extentSetup" finished-at="2019-03-30T19:49:47Z" duration-ms="5178" status="PASS">
          <params>
            <param index="0">
              <value>
                <![CDATA[org.testng.TestRunner@faa3fed]]>
              </value>
            </param>
          </params>
          <reporter-output>
            <line>
              <![CDATA[Extent Report Directory/Users/mirouflyer/Desktop/ FrameWorkProject/Team10FinalFramework/Ebay/target/surefire-reports/html]]>
            </line>
          </reporter-output>
        </test-method> <!-- extentSetup -->
        <test-method is-config="true" signature="setUp(boolean, java.lang.String, java.lang.String, java.lang.String, java.lang.String, java.lang.String, java.lang.String)[pri:0, instance:title.EbayHome@7b98f307]" started-at="2019-03-30T19:49:47Z" name="setUp" finished-at="2019-03-30T19:49:54Z" duration-ms="6688" status="PASS">
          <params>
            <param index="0">
              <value>
                <![CDATA[false]]>
              </value>
            </param>
            <param index="1">
              <value>
                <![CDATA[browserstack]]>
              </value>
            </param>
            <param index="2">
              <value>
                <![CDATA[OS X]]>
              </value>
            </param>
            <param index="3">
              <value>
                <![CDATA[Sierra]]>
              </value>
            </param>
            <param index="4">
              <value>
                <![CDATA[chrome]]>
              </value>
            </param>
            <param index="5">
              <value>
                <![CDATA[30.0]]>
              </value>
            </param>
            <param index="6">
              <value>
                <![CDATA[https://ebay.com]]>
              </value>
            </param>
          </params>
          <reporter-output>
          </reporter-output>
        </test-method> <!-- setUp -->
        <test-method is-config="true" signature="startExtent(java.lang.reflect.Method)[pri:0, instance:title.EbayHome@7b98f307]" started-at="2019-03-30T19:49:54Z" name="startExtent" finished-at="2019-03-30T19:49:54Z" duration-ms="4" status="PASS">
          <params>
            <param index="0">
              <value>
                <![CDATA[public void title.EbayHome.test()]]>
              </value>
            </param>
          </params>
          <reporter-output>
          </reporter-output>
        </test-method> <!-- startExtent -->
        <test-method signature="test()[pri:0, instance:title.EbayHome@7b98f307]" started-at="2019-03-30T19:49:54Z" name="test" finished-at="2019-03-30T19:49:54Z" duration-ms="19" status="PASS">
          <reporter-output>
            <line>
              <![CDATA[Browser is launching]]>
            </line>
            <line>
              <![CDATA[EbayHome: test]]>
            </line>
          </reporter-output>
        </test-method> <!-- test -->
        <test-method is-config="true" signature="afterEachTestMethod(org.testng.ITestResult)[pri:0, instance:title.EbayHome@7b98f307]" started-at="2019-03-30T19:49:54Z" name="afterEachTestMethod" finished-at="2019-03-30T19:49:54Z" duration-ms="271" status="PASS">
          <params>
            <param index="0">
              <value>
                <![CDATA[[TestResult name=test status=SUCCESS method=EbayHome.test()[pri:0, instance:title.EbayHome@7b98f307] output=Browser is launching]]]>
              </value>
            </param>
          </params>
          <reporter-output>
          </reporter-output>
        </test-method> <!-- afterEachTestMethod -->
        <test-method is-config="true" signature="cleanUp()[pri:0, instance:title.EbayHome@7b98f307]" started-at="2019-03-30T19:49:54Z" name="cleanUp" finished-at="2019-03-30T19:49:54Z" duration-ms="0" status="PASS">
          <reporter-output>
          </reporter-output>
        </test-method> <!-- cleanUp -->
        <test-method is-config="true" signature="generateReport()[pri:0, instance:title.EbayHome@7b98f307]" started-at="2019-03-30T19:49:59Z" name="generateReport" finished-at="2019-03-30T19:49:59Z" duration-ms="26" status="PASS">
          <reporter-output>
          </reporter-output>
        </test-method> <!-- generateReport -->
      </class> <!-- title.EbayHome -->
    </test> <!-- #ebay Home -->
  </suite> <!-- Ebay Automation Script  -->
</testng-results>
