<?xml version="1.0" encoding="UTF-8"?>
<testng-results ignored="0" total="6" passed="6" failed="0" skipped="0">
  <reporter-output>
    <line>
      <![CDATA[Extent Report Directory/Users/mirouflyer/Desktop/ FrameWorkProject/Team10FinalFramework/Walmart/target/surefire-reports/html]]>
    </line>
    <line>
      <![CDATA[Browser is launching]]>
    </line>
    <line>
      <![CDATA[TestInTheSpotlightLinks: clothing Link]]>
    </line>
    <line>
      <![CDATA[InTheSpotlightLinks: click On Clothing Button]]>
    </line>
    <line>
      <![CDATA[Browser is launching]]>
    </line>
    <line>
      <![CDATA[TestInTheSpotlightLinks: electronics Link]]>
    </line>
    <line>
      <![CDATA[InTheSpotlightLinks: click On Electronics Button]]>
    </line>
    <line>
      <![CDATA[Browser is launching]]>
    </line>
    <line>
      <![CDATA[TestInTheSpotlightLinks: ellens List Link]]>
    </line>
    <line>
      <![CDATA[InTheSpotlightLinks: click On Ellens List Button]]>
    </line>
    <line>
      <![CDATA[Browser is launching]]>
    </line>
    <line>
      <![CDATA[TestInTheSpotlightLinks: home Products Link]]>
    </line>
    <line>
      <![CDATA[InTheSpotlightLinks: click On Home Products Button]]>
    </line>
    <line>
      <![CDATA[Browser is launching]]>
    </line>
    <line>
      <![CDATA[TestInTheSpotlightLinks: toys Link]]>
    </line>
    <line>
      <![CDATA[InTheSpotlightLinks: click On Toys Button]]>
    </line>
    <line>
      <![CDATA[Browser is launching]]>
    </line>
    <line>
      <![CDATA[TestInTheSpotlightLinks: video Games Link]]>
    </line>
    <line>
      <![CDATA[InTheSpotlightLinks: click On Video Games Button]]>
    </line>
  </reporter-output>
  <suite started-at="2019-03-31T16:33:04Z" name="Walmart Automation Script " finished-at="2019-03-31T16:34:11Z" duration-ms="66839">
    <groups>
    </groups>
    <test started-at="2019-03-31T16:33:04Z" name="Walmart Home" finished-at="2019-03-31T16:34:11Z" duration-ms="66839">
      <class name="testHomePageLinks.TestInTheSpotlightLinks">
        <test-method is-config="true" signature="extentSetup(org.testng.ITestContext)[pri:0, instance:testHomePageLinks.TestInTheSpotlightLinks@34123d65]" started-at="2019-03-31T16:33:04Z" name="extentSetup" finished-at="2019-03-31T16:33:04Z" duration-ms="249" status="PASS">
          <params>
            <param index="0">
              <value>
                <![CDATA[org.testng.TestRunner@116a2108]]>
              </value>
            </param>
          </params>
          <reporter-output>
            <line>
              <![CDATA[Extent Report Directory/Users/mirouflyer/Desktop/ FrameWorkProject/Team10FinalFramework/Walmart/target/surefire-reports/html]]>
            </line>
          </reporter-output>
        </test-method> <!-- extentSetup -->
        <test-method is-config="true" signature="setUp(boolean, java.lang.String, java.lang.String, java.lang.String, java.lang.String, java.lang.String, java.lang.String)[pri:0, instance:testHomePageLinks.TestInTheSpotlightLinks@34123d65]" started-at="2019-03-31T16:33:04Z" name="setUp" finished-at="2019-03-31T16:33:10Z" duration-ms="5763" status="PASS">
          <params>
            <param index="0">
              <value>
                <![CDATA[false]]>
              </value>
            </param>
            <param index="1">
              <value>
                <![CDATA[browserstack]]>
              </value>
            </param>
            <param index="2">
              <value>
                <![CDATA[OS X]]>
              </value>
            </param>
            <param index="3">
              <value>
                <![CDATA[Sierra]]>
              </value>
            </param>
            <param index="4">
              <value>
                <![CDATA[chrome]]>
              </value>
            </param>
            <param index="5">
              <value>
                <![CDATA[ 65.0.2]]>
              </value>
            </param>
            <param index="6">
              <value>
                <![CDATA[https://www.walmart.com/]]>
              </value>
            </param>
          </params>
          <reporter-output>
          </reporter-output>
        </test-method> <!-- setUp -->
        <test-method is-config="true" signature="startExtent(java.lang.reflect.Method)[pri:0, instance:testHomePageLinks.TestInTheSpotlightLinks@34123d65]" started-at="2019-03-31T16:33:10Z" name="startExtent" finished-at="2019-03-31T16:33:10Z" duration-ms="3" status="PASS">
          <params>
            <param index="0">
              <value>
                <![CDATA[public void testHomePageLinks.TestInTheSpotlightLinks.clothingLink()]]>
              </value>
            </param>
          </params>
          <reporter-output>
          </reporter-output>
        </test-method> <!-- startExtent -->
        <test-method signature="clothingLink()[pri:0, instance:testHomePageLinks.TestInTheSpotlightLinks@34123d65]" started-at="2019-03-31T16:33:10Z" name="clothingLink" finished-at="2019-03-31T16:33:10Z" duration-ms="177" status="PASS">
          <reporter-output>
            <line>
              <![CDATA[Browser is launching]]>
            </line>
            <line>
              <![CDATA[TestInTheSpotlightLinks: clothing Link]]>
            </line>
            <line>
              <![CDATA[InTheSpotlightLinks: click On Clothing Button]]>
            </line>
          </reporter-output>
        </test-method> <!-- clothingLink -->
        <test-method is-config="true" signature="afterEachTestMethod(org.testng.ITestResult)[pri:0, instance:testHomePageLinks.TestInTheSpotlightLinks@34123d65]" started-at="2019-03-31T16:33:10Z" name="afterEachTestMethod" finished-at="2019-03-31T16:33:10Z" duration-ms="290" status="PASS">
          <params>
            <param index="0">
              <value>
                <![CDATA[[TestResult name=clothingLink status=SUCCESS method=TestInTheSpotlightLinks.clothingLink()[pri:0, instance:testHomePageLinks.TestInTheSpotlightLinks@34123d65] output=Browser is launching]]]>
              </value>
            </param>
          </params>
          <reporter-output>
          </reporter-output>
        </test-method> <!-- afterEachTestMethod -->
        <test-method is-config="true" signature="setUp(boolean, java.lang.String, java.lang.String, java.lang.String, java.lang.String, java.lang.String, java.lang.String)[pri:0, instance:testHomePageLinks.TestInTheSpotlightLinks@34123d65]" started-at="2019-03-31T16:33:10Z" name="setUp" finished-at="2019-03-31T16:33:16Z" duration-ms="5761" status="PASS">
          <params>
            <param index="0">
              <value>
                <![CDATA[false]]>
              </value>
            </param>
            <param index="1">
              <value>
                <![CDATA[browserstack]]>
              </value>
            </param>
            <param index="2">
              <value>
                <![CDATA[OS X]]>
              </value>
            </param>
            <param index="3">
              <value>
                <![CDATA[Sierra]]>
              </value>
            </param>
            <param index="4">
              <value>
                <![CDATA[chrome]]>
              </value>
            </param>
            <param index="5">
              <value>
                <![CDATA[ 65.0.2]]>
              </value>
            </param>
            <param index="6">
              <value>
                <![CDATA[https://www.walmart.com/]]>
              </value>
            </param>
          </params>
          <reporter-output>
          </reporter-output>
        </test-method> <!-- setUp -->
        <test-method is-config="true" signature="cleanUp()[pri:0, instance:testHomePageLinks.TestInTheSpotlightLinks@34123d65]" started-at="2019-03-31T16:33:10Z" name="cleanUp" finished-at="2019-03-31T16:33:10Z" duration-ms="0" status="PASS">
          <reporter-output>
          </reporter-output>
        </test-method> <!-- cleanUp -->
        <test-method signature="electronicsLink()[pri:0, instance:testHomePageLinks.TestInTheSpotlightLinks@34123d65]" started-at="2019-03-31T16:33:16Z" name="electronicsLink" finished-at="2019-03-31T16:33:22Z" duration-ms="6201" status="PASS">
          <reporter-output>
            <line>
              <![CDATA[Browser is launching]]>
            </line>
            <line>
              <![CDATA[TestInTheSpotlightLinks: electronics Link]]>
            </line>
            <line>
              <![CDATA[InTheSpotlightLinks: click On Electronics Button]]>
            </line>
          </reporter-output>
        </test-method> <!-- electronicsLink -->
        <test-method is-config="true" signature="startExtent(java.lang.reflect.Method)[pri:0, instance:testHomePageLinks.TestInTheSpotlightLinks@34123d65]" started-at="2019-03-31T16:33:16Z" name="startExtent" finished-at="2019-03-31T16:33:16Z" duration-ms="0" status="PASS">
          <params>
            <param index="0">
              <value>
                <![CDATA[public void testHomePageLinks.TestInTheSpotlightLinks.electronicsLink()]]>
              </value>
            </param>
          </params>
          <reporter-output>
          </reporter-output>
        </test-method> <!-- startExtent -->
        <test-method is-config="true" signature="afterEachTestMethod(org.testng.ITestResult)[pri:0, instance:testHomePageLinks.TestInTheSpotlightLinks@34123d65]" started-at="2019-03-31T16:33:22Z" name="afterEachTestMethod" finished-at="2019-03-31T16:33:22Z" duration-ms="164" status="PASS">
          <params>
            <param index="0">
              <value>
                <![CDATA[[TestResult name=electronicsLink status=SUCCESS method=TestInTheSpotlightLinks.electronicsLink()[pri:0, instance:testHomePageLinks.TestInTheSpotlightLinks@34123d65] output=Browser is launching]]]>
              </value>
            </param>
          </params>
          <reporter-output>
          </reporter-output>
        </test-method> <!-- afterEachTestMethod -->
        <test-method is-config="true" signature="setUp(boolean, java.lang.String, java.lang.String, java.lang.String, java.lang.String, java.lang.String, java.lang.String)[pri:0, instance:testHomePageLinks.TestInTheSpotlightLinks@34123d65]" started-at="2019-03-31T16:33:22Z" name="setUp" finished-at="2019-03-31T16:33:29Z" duration-ms="6784" status="PASS">
          <params>
            <param index="0">
              <value>
                <![CDATA[false]]>
              </value>
            </param>
            <param index="1">
              <value>
                <![CDATA[browserstack]]>
              </value>
            </param>
            <param index="2">
              <value>
                <![CDATA[OS X]]>
              </value>
            </param>
            <param index="3">
              <value>
                <![CDATA[Sierra]]>
              </value>
            </param>
            <param index="4">
              <value>
                <![CDATA[chrome]]>
              </value>
            </param>
            <param index="5">
              <value>
                <![CDATA[ 65.0.2]]>
              </value>
            </param>
            <param index="6">
              <value>
                <![CDATA[https://www.walmart.com/]]>
              </value>
            </param>
          </params>
          <reporter-output>
          </reporter-output>
        </test-method> <!-- setUp -->
        <test-method is-config="true" signature="cleanUp()[pri:0, instance:testHomePageLinks.TestInTheSpotlightLinks@34123d65]" started-at="2019-03-31T16:33:22Z" name="cleanUp" finished-at="2019-03-31T16:33:22Z" duration-ms="0" status="PASS">
          <reporter-output>
          </reporter-output>
        </test-method> <!-- cleanUp -->
        <test-method is-config="true" signature="startExtent(java.lang.reflect.Method)[pri:0, instance:testHomePageLinks.TestInTheSpotlightLinks@34123d65]" started-at="2019-03-31T16:33:29Z" name="startExtent" finished-at="2019-03-31T16:33:29Z" duration-ms="1" status="PASS">
          <params>
            <param index="0">
              <value>
                <![CDATA[public void testHomePageLinks.TestInTheSpotlightLinks.ellensListLink()]]>
              </value>
            </param>
          </params>
          <reporter-output>
          </reporter-output>
        </test-method> <!-- startExtent -->
        <test-method signature="ellensListLink()[pri:0, instance:testHomePageLinks.TestInTheSpotlightLinks@34123d65]" started-at="2019-03-31T16:33:29Z" name="ellensListLink" finished-at="2019-03-31T16:33:35Z" duration-ms="5853" status="PASS">
          <reporter-output>
            <line>
              <![CDATA[Browser is launching]]>
            </line>
            <line>
              <![CDATA[TestInTheSpotlightLinks: ellens List Link]]>
            </line>
            <line>
              <![CDATA[InTheSpotlightLinks: click On Ellens List Button]]>
            </line>
          </reporter-output>
        </test-method> <!-- ellensListLink -->
        <test-method is-config="true" signature="afterEachTestMethod(org.testng.ITestResult)[pri:0, instance:testHomePageLinks.TestInTheSpotlightLinks@34123d65]" started-at="2019-03-31T16:33:35Z" name="afterEachTestMethod" finished-at="2019-03-31T16:33:35Z" duration-ms="153" status="PASS">
          <params>
            <param index="0">
              <value>
                <![CDATA[[TestResult name=ellensListLink status=SUCCESS method=TestInTheSpotlightLinks.ellensListLink()[pri:0, instance:testHomePageLinks.TestInTheSpotlightLinks@34123d65] output=Browser is launching]]]>
              </value>
            </param>
          </params>
          <reporter-output>
          </reporter-output>
        </test-method> <!-- afterEachTestMethod -->
        <test-method is-config="true" signature="cleanUp()[pri:0, instance:testHomePageLinks.TestInTheSpotlightLinks@34123d65]" started-at="2019-03-31T16:33:35Z" name="cleanUp" finished-at="2019-03-31T16:33:35Z" duration-ms="0" status="PASS">
          <reporter-output>
          </reporter-output>
        </test-method> <!-- cleanUp -->
        <test-method is-config="true" signature="setUp(boolean, java.lang.String, java.lang.String, java.lang.String, java.lang.String, java.lang.String, java.lang.String)[pri:0, instance:testHomePageLinks.TestInTheSpotlightLinks@34123d65]" started-at="2019-03-31T16:33:35Z" name="setUp" finished-at="2019-03-31T16:33:42Z" duration-ms="7184" status="PASS">
          <params>
            <param index="0">
              <value>
                <![CDATA[false]]>
              </value>
            </param>
            <param index="1">
              <value>
                <![CDATA[browserstack]]>
              </value>
            </param>
            <param index="2">
              <value>
                <![CDATA[OS X]]>
              </value>
            </param>
            <param index="3">
              <value>
                <![CDATA[Sierra]]>
              </value>
            </param>
            <param index="4">
              <value>
                <![CDATA[chrome]]>
              </value>
            </param>
            <param index="5">
              <value>
                <![CDATA[ 65.0.2]]>
              </value>
            </param>
            <param index="6">
              <value>
                <![CDATA[https://www.walmart.com/]]>
              </value>
            </param>
          </params>
          <reporter-output>
          </reporter-output>
        </test-method> <!-- setUp -->
        <test-method is-config="true" signature="startExtent(java.lang.reflect.Method)[pri:0, instance:testHomePageLinks.TestInTheSpotlightLinks@34123d65]" started-at="2019-03-31T16:33:42Z" name="startExtent" finished-at="2019-03-31T16:33:42Z" duration-ms="0" status="PASS">
          <params>
            <param index="0">
              <value>
                <![CDATA[public void testHomePageLinks.TestInTheSpotlightLinks.homeProductsLink()]]>
              </value>
            </param>
          </params>
          <reporter-output>
          </reporter-output>
        </test-method> <!-- startExtent -->
        <test-method signature="homeProductsLink()[pri:0, instance:testHomePageLinks.TestInTheSpotlightLinks@34123d65]" started-at="2019-03-31T16:33:42Z" name="homeProductsLink" finished-at="2019-03-31T16:33:49Z" duration-ms="6478" status="PASS">
          <reporter-output>
            <line>
              <![CDATA[Browser is launching]]>
            </line>
            <line>
              <![CDATA[TestInTheSpotlightLinks: home Products Link]]>
            </line>
            <line>
              <![CDATA[InTheSpotlightLinks: click On Home Products Button]]>
            </line>
          </reporter-output>
        </test-method> <!-- homeProductsLink -->
        <test-method is-config="true" signature="afterEachTestMethod(org.testng.ITestResult)[pri:0, instance:testHomePageLinks.TestInTheSpotlightLinks@34123d65]" started-at="2019-03-31T16:33:49Z" name="afterEachTestMethod" finished-at="2019-03-31T16:33:49Z" duration-ms="165" status="PASS">
          <params>
            <param index="0">
              <value>
                <![CDATA[[TestResult name=homeProductsLink status=SUCCESS method=TestInTheSpotlightLinks.homeProductsLink()[pri:0, instance:testHomePageLinks.TestInTheSpotlightLinks@34123d65] output=Browser is launching]]]>
              </value>
            </param>
          </params>
          <reporter-output>
          </reporter-output>
        </test-method> <!-- afterEachTestMethod -->
        <test-method is-config="true" signature="cleanUp()[pri:0, instance:testHomePageLinks.TestInTheSpotlightLinks@34123d65]" started-at="2019-03-31T16:33:49Z" name="cleanUp" finished-at="2019-03-31T16:33:49Z" duration-ms="0" status="PASS">
          <reporter-output>
          </reporter-output>
        </test-method> <!-- cleanUp -->
        <test-method is-config="true" signature="setUp(boolean, java.lang.String, java.lang.String, java.lang.String, java.lang.String, java.lang.String, java.lang.String)[pri:0, instance:testHomePageLinks.TestInTheSpotlightLinks@34123d65]" started-at="2019-03-31T16:33:49Z" name="setUp" finished-at="2019-03-31T16:33:56Z" duration-ms="7071" status="PASS">
          <params>
            <param index="0">
              <value>
                <![CDATA[false]]>
              </value>
            </param>
            <param index="1">
              <value>
                <![CDATA[browserstack]]>
              </value>
            </param>
            <param index="2">
              <value>
                <![CDATA[OS X]]>
              </value>
            </param>
            <param index="3">
              <value>
                <![CDATA[Sierra]]>
              </value>
            </param>
            <param index="4">
              <value>
                <![CDATA[chrome]]>
              </value>
            </param>
            <param index="5">
              <value>
                <![CDATA[ 65.0.2]]>
              </value>
            </param>
            <param index="6">
              <value>
                <![CDATA[https://www.walmart.com/]]>
              </value>
            </param>
          </params>
          <reporter-output>
          </reporter-output>
        </test-method> <!-- setUp -->
        <test-method signature="toysLink()[pri:0, instance:testHomePageLinks.TestInTheSpotlightLinks@34123d65]" started-at="2019-03-31T16:33:56Z" name="toysLink" finished-at="2019-03-31T16:34:01Z" duration-ms="4638" status="PASS">
          <reporter-output>
            <line>
              <![CDATA[Browser is launching]]>
            </line>
            <line>
              <![CDATA[TestInTheSpotlightLinks: toys Link]]>
            </line>
            <line>
              <![CDATA[InTheSpotlightLinks: click On Toys Button]]>
            </line>
          </reporter-output>
        </test-method> <!-- toysLink -->
        <test-method is-config="true" signature="startExtent(java.lang.reflect.Method)[pri:0, instance:testHomePageLinks.TestInTheSpotlightLinks@34123d65]" started-at="2019-03-31T16:33:56Z" name="startExtent" finished-at="2019-03-31T16:33:56Z" duration-ms="0" status="PASS">
          <params>
            <param index="0">
              <value>
                <![CDATA[public void testHomePageLinks.TestInTheSpotlightLinks.toysLink()]]>
              </value>
            </param>
          </params>
          <reporter-output>
          </reporter-output>
        </test-method> <!-- startExtent -->
        <test-method is-config="true" signature="afterEachTestMethod(org.testng.ITestResult)[pri:0, instance:testHomePageLinks.TestInTheSpotlightLinks@34123d65]" started-at="2019-03-31T16:34:01Z" name="afterEachTestMethod" finished-at="2019-03-31T16:34:01Z" duration-ms="139" status="PASS">
          <params>
            <param index="0">
              <value>
                <![CDATA[[TestResult name=toysLink status=SUCCESS method=TestInTheSpotlightLinks.toysLink()[pri:0, instance:testHomePageLinks.TestInTheSpotlightLinks@34123d65] output=Browser is launching]]]>
              </value>
            </param>
          </params>
          <reporter-output>
          </reporter-output>
        </test-method> <!-- afterEachTestMethod -->
        <test-method is-config="true" signature="cleanUp()[pri:0, instance:testHomePageLinks.TestInTheSpotlightLinks@34123d65]" started-at="2019-03-31T16:34:01Z" name="cleanUp" finished-at="2019-03-31T16:34:01Z" duration-ms="0" status="PASS">
          <reporter-output>
          </reporter-output>
        </test-method> <!-- cleanUp -->
        <test-method is-config="true" signature="setUp(boolean, java.lang.String, java.lang.String, java.lang.String, java.lang.String, java.lang.String, java.lang.String)[pri:0, instance:testHomePageLinks.TestInTheSpotlightLinks@34123d65]" started-at="2019-03-31T16:34:01Z" name="setUp" finished-at="2019-03-31T16:34:06Z" duration-ms="5454" status="PASS">
          <params>
            <param index="0">
              <value>
                <![CDATA[false]]>
              </value>
            </param>
            <param index="1">
              <value>
                <![CDATA[browserstack]]>
              </value>
            </param>
            <param index="2">
              <value>
                <![CDATA[OS X]]>
              </value>
            </param>
            <param index="3">
              <value>
                <![CDATA[Sierra]]>
              </value>
            </param>
            <param index="4">
              <value>
                <![CDATA[chrome]]>
              </value>
            </param>
            <param index="5">
              <value>
                <![CDATA[ 65.0.2]]>
              </value>
            </param>
            <param index="6">
              <value>
                <![CDATA[https://www.walmart.com/]]>
              </value>
            </param>
          </params>
          <reporter-output>
          </reporter-output>
        </test-method> <!-- setUp -->
        <test-method is-config="true" signature="startExtent(java.lang.reflect.Method)[pri:0, instance:testHomePageLinks.TestInTheSpotlightLinks@34123d65]" started-at="2019-03-31T16:34:06Z" name="startExtent" finished-at="2019-03-31T16:34:06Z" duration-ms="1" status="PASS">
          <params>
            <param index="0">
              <value>
                <![CDATA[public void testHomePageLinks.TestInTheSpotlightLinks.videoGamesLink()]]>
              </value>
            </param>
          </params>
          <reporter-output>
          </reporter-output>
        </test-method> <!-- startExtent -->
        <test-method signature="videoGamesLink()[pri:0, instance:testHomePageLinks.TestInTheSpotlightLinks@34123d65]" started-at="2019-03-31T16:34:06Z" name="videoGamesLink" finished-at="2019-03-31T16:34:11Z" duration-ms="4383" status="PASS">
          <reporter-output>
            <line>
              <![CDATA[Browser is launching]]>
            </line>
            <line>
              <![CDATA[TestInTheSpotlightLinks: video Games Link]]>
            </line>
            <line>
              <![CDATA[InTheSpotlightLinks: click On Video Games Button]]>
            </line>
          </reporter-output>
        </test-method> <!-- videoGamesLink -->
        <test-method is-config="true" signature="afterEachTestMethod(org.testng.ITestResult)[pri:0, instance:testHomePageLinks.TestInTheSpotlightLinks@34123d65]" started-at="2019-03-31T16:34:11Z" name="afterEachTestMethod" finished-at="2019-03-31T16:34:11Z" duration-ms="161" status="PASS">
          <params>
            <param index="0">
              <value>
                <![CDATA[[TestResult name=videoGamesLink status=SUCCESS method=TestInTheSpotlightLinks.videoGamesLink()[pri:0, instance:testHomePageLinks.TestInTheSpotlightLinks@34123d65] output=Browser is launching]]]>
              </value>
            </param>
          </params>
          <reporter-output>
          </reporter-output>
        </test-method> <!-- afterEachTestMethod -->
        <test-method is-config="true" signature="cleanUp()[pri:0, instance:testHomePageLinks.TestInTheSpotlightLinks@34123d65]" started-at="2019-03-31T16:34:11Z" name="cleanUp" finished-at="2019-03-31T16:34:11Z" duration-ms="0" status="PASS">
          <reporter-output>
          </reporter-output>
        </test-method> <!-- cleanUp -->
        <test-method is-config="true" signature="generateReport()[pri:0, instance:testHomePageLinks.TestInTheSpotlightLinks@34123d65]" started-at="2019-03-31T16:34:11Z" name="generateReport" finished-at="2019-03-31T16:34:11Z" duration-ms="20" status="PASS">
          <reporter-output>
          </reporter-output>
        </test-method> <!-- generateReport -->
      </class> <!-- testHomePageLinks.TestInTheSpotlightLinks -->
    </test> <!-- Walmart Home -->
  </suite> <!-- Walmart Automation Script  -->
</testng-results>
