<?xml version="1.0" encoding="UTF-8"?>
<testng-results ignored="0" total="1" passed="1" failed="0" skipped="0">
  <reporter-output>
    <line>
      <![CDATA[Extent Report Directory/Users/mirouflyer/Desktop/ FrameWorkProject/Team10FinalFramework/LinkedIn/target/surefire-reports/html]]>
    </line>
    <line>
      <![CDATA[Browser is launching]]>
    </line>
    <line>
      <![CDATA[TestHomePageTitle: home Page Title]]>
    </line>
  </reporter-output>
  <suite started-at="2019-03-30T19:32:12Z" name="LinkedIn Automation Script " finished-at="2019-03-30T19:32:39Z" duration-ms="26742">
    <groups>
    </groups>
    <test started-at="2019-03-30T19:32:12Z" name="LinkedIn Home" finished-at="2019-03-30T19:32:39Z" duration-ms="26742">
      <class name="testHomePage.TestHomePageTitle">
        <test-method is-config="true" signature="extentSetup(org.testng.ITestContext)[pri:0, instance:testHomePage.TestHomePageTitle@7b98f307]" started-at="2019-03-30T19:32:07Z" name="extentSetup" finished-at="2019-03-30T19:32:12Z" duration-ms="5186" status="PASS">
          <params>
            <param index="0">
              <value>
                <![CDATA[org.testng.TestRunner@41d7b27f]]>
              </value>
            </param>
          </params>
          <reporter-output>
            <line>
              <![CDATA[Extent Report Directory/Users/mirouflyer/Desktop/ FrameWorkProject/Team10FinalFramework/LinkedIn/target/surefire-reports/html]]>
            </line>
          </reporter-output>
        </test-method> <!-- extentSetup -->
        <test-method is-config="true" signature="setUp(boolean, java.lang.String, java.lang.String, java.lang.String, java.lang.String, java.lang.String, java.lang.String)[pri:0, instance:testHomePage.TestHomePageTitle@7b98f307]" started-at="2019-03-30T19:32:12Z" name="setUp" finished-at="2019-03-30T19:32:38Z" duration-ms="26062" status="PASS">
          <params>
            <param index="0">
              <value>
                <![CDATA[false]]>
              </value>
            </param>
            <param index="1">
              <value>
                <![CDATA[browserstack]]>
              </value>
            </param>
            <param index="2">
              <value>
                <![CDATA[OS X]]>
              </value>
            </param>
            <param index="3">
              <value>
                <![CDATA[Sierra]]>
              </value>
            </param>
            <param index="4">
              <value>
                <![CDATA[firefox]]>
              </value>
            </param>
            <param index="5">
              <value>
                <![CDATA[ 65.0.2]]>
              </value>
            </param>
            <param index="6">
              <value>
                <![CDATA[https://www.linkedin.com/]]>
              </value>
            </param>
          </params>
          <reporter-output>
          </reporter-output>
        </test-method> <!-- setUp -->
        <test-method is-config="true" signature="startExtent(java.lang.reflect.Method)[pri:0, instance:testHomePage.TestHomePageTitle@7b98f307]" started-at="2019-03-30T19:32:38Z" name="startExtent" finished-at="2019-03-30T19:32:38Z" duration-ms="4" status="PASS">
          <params>
            <param index="0">
              <value>
                <![CDATA[public void testHomePage.TestHomePageTitle.homePageTitle()]]>
              </value>
            </param>
          </params>
          <reporter-output>
          </reporter-output>
        </test-method> <!-- startExtent -->
        <test-method signature="homePageTitle()[pri:0, instance:testHomePage.TestHomePageTitle@7b98f307]" started-at="2019-03-30T19:32:38Z" name="homePageTitle" finished-at="2019-03-30T19:32:38Z" duration-ms="18" status="PASS">
          <reporter-output>
            <line>
              <![CDATA[Browser is launching]]>
            </line>
            <line>
              <![CDATA[TestHomePageTitle: home Page Title]]>
            </line>
          </reporter-output>
        </test-method> <!-- homePageTitle -->
        <test-method is-config="true" signature="afterEachTestMethod(org.testng.ITestResult)[pri:0, instance:testHomePage.TestHomePageTitle@7b98f307]" started-at="2019-03-30T19:32:38Z" name="afterEachTestMethod" finished-at="2019-03-30T19:32:39Z" duration-ms="650" status="PASS">
          <params>
            <param index="0">
              <value>
                <![CDATA[[TestResult name=homePageTitle status=SUCCESS method=TestHomePageTitle.homePageTitle()[pri:0, instance:testHomePage.TestHomePageTitle@7b98f307] output=Browser is launching]]]>
              </value>
            </param>
          </params>
          <reporter-output>
          </reporter-output>
        </test-method> <!-- afterEachTestMethod -->
        <test-method is-config="true" signature="cleanUp()[pri:0, instance:testHomePage.TestHomePageTitle@7b98f307]" started-at="2019-03-30T19:32:39Z" name="cleanUp" finished-at="2019-03-30T19:32:39Z" duration-ms="0" status="PASS">
          <reporter-output>
          </reporter-output>
        </test-method> <!-- cleanUp -->
        <test-method is-config="true" signature="generateReport()[pri:0, instance:testHomePage.TestHomePageTitle@7b98f307]" started-at="2019-03-30T19:32:44Z" name="generateReport" finished-at="2019-03-30T19:32:44Z" duration-ms="26" status="PASS">
          <reporter-output>
          </reporter-output>
        </test-method> <!-- generateReport -->
      </class> <!-- testHomePage.TestHomePageTitle -->
    </test> <!-- LinkedIn Home -->
  </suite> <!-- LinkedIn Automation Script  -->
</testng-results>
