<?xml version="1.0" encoding="UTF-8"?>
<!-- Generated by org.testng.reporters.JUnitXMLReporter -->
<testsuite ignored="0" hostname="Mirouflyers-MBP" failures="0" tests="6" name="Walmart Home" time="66.839" errors="0" timestamp="31 Mar 2019 16:34:11 GMT">
  <testcase classname="testHomePageLinks.TestInTheSpotlightLinks" name="clothingLink" time="0.177"/>
  <testcase classname="testHomePageLinks.TestInTheSpotlightLinks" name="electronicsLink" time="6.201"/>
  <testcase classname="testHomePageLinks.TestInTheSpotlightLinks" name="ellensListLink" time="5.853"/>
  <testcase classname="testHomePageLinks.TestInTheSpotlightLinks" name="homeProductsLink" time="6.478"/>
  <testcase classname="testHomePageLinks.TestInTheSpotlightLinks" name="toysLink" time="4.638"/>
  <testcase classname="testHomePageLinks.TestInTheSpotlightLinks" name="videoGamesLink" time="4.383"/>
</testsuite> <!-- Walmart Home -->
