<?xml version="1.0" encoding="UTF-8"?>
<testng-results ignored="0" total="1" passed="1" failed="0" skipped="0">
  <reporter-output>
    <line>
      <![CDATA[Extent Report Directory/Users/mirouflyer/Desktop/ FrameWorkProject/Team10FinalFramework/CapitalOne/target/surefire-reports/html]]>
    </line>
    <line>
      <![CDATA[Browser is launching]]>
    </line>
    <line>
      <![CDATA[TestTitle: title]]>
    </line>
  </reporter-output>
  <suite started-at="2019-03-30T04:52:30Z" name="CapitalOne Automation Script " finished-at="2019-03-30T04:52:36Z" duration-ms="5822">
    <groups>
    </groups>
    <test started-at="2019-03-30T04:52:30Z" name="CapitalOne Home" finished-at="2019-03-30T04:52:36Z" duration-ms="5822">
      <class name="testHomePage.TestTitle">
        <test-method is-config="true" signature="extentSetup(org.testng.ITestContext)[pri:0, instance:testHomePage.TestTitle@77888435]" started-at="2019-03-30T04:52:30Z" name="extentSetup" finished-at="2019-03-30T04:52:30Z" duration-ms="153" status="PASS">
          <params>
            <param index="0">
              <value>
                <![CDATA[org.testng.TestRunner@4dd94a58]]>
              </value>
            </param>
          </params>
          <reporter-output>
            <line>
              <![CDATA[Extent Report Directory/Users/mirouflyer/Desktop/ FrameWorkProject/Team10FinalFramework/CapitalOne/target/surefire-reports/html]]>
            </line>
          </reporter-output>
        </test-method> <!-- extentSetup -->
        <test-method is-config="true" signature="setUp(boolean, java.lang.String, java.lang.String, java.lang.String, java.lang.String, java.lang.String, java.lang.String)[pri:0, instance:testHomePage.TestTitle@77888435]" started-at="2019-03-30T04:52:30Z" name="setUp" finished-at="2019-03-30T04:52:36Z" duration-ms="5531" status="PASS">
          <params>
            <param index="0">
              <value>
                <![CDATA[false]]>
              </value>
            </param>
            <param index="1">
              <value>
                <![CDATA[browserstack]]>
              </value>
            </param>
            <param index="2">
              <value>
                <![CDATA[OS x]]>
              </value>
            </param>
            <param index="3">
              <value>
                <![CDATA[Sierra]]>
              </value>
            </param>
            <param index="4">
              <value>
                <![CDATA[chrome]]>
              </value>
            </param>
            <param index="5">
              <value>
                <![CDATA[30.0]]>
              </value>
            </param>
            <param index="6">
              <value>
                <![CDATA[https://www.capitalone.com/]]>
              </value>
            </param>
          </params>
          <reporter-output>
          </reporter-output>
        </test-method> <!-- setUp -->
        <test-method is-config="true" signature="startExtent(java.lang.reflect.Method)[pri:0, instance:testHomePage.TestTitle@77888435]" started-at="2019-03-30T04:52:36Z" name="startExtent" finished-at="2019-03-30T04:52:36Z" duration-ms="3" status="PASS">
          <params>
            <param index="0">
              <value>
                <![CDATA[public void testHomePage.TestTitle.title()]]>
              </value>
            </param>
          </params>
          <reporter-output>
          </reporter-output>
        </test-method> <!-- startExtent -->
        <test-method signature="title()[pri:0, instance:testHomePage.TestTitle@77888435]" started-at="2019-03-30T04:52:36Z" name="title" finished-at="2019-03-30T04:52:36Z" duration-ms="19" status="PASS">
          <reporter-output>
            <line>
              <![CDATA[Browser is launching]]>
            </line>
            <line>
              <![CDATA[TestTitle: title]]>
            </line>
          </reporter-output>
        </test-method> <!-- title -->
        <test-method is-config="true" signature="afterEachTestMethod(org.testng.ITestResult)[pri:0, instance:testHomePage.TestTitle@77888435]" started-at="2019-03-30T04:52:36Z" name="afterEachTestMethod" finished-at="2019-03-30T04:52:36Z" duration-ms="254" status="PASS">
          <params>
            <param index="0">
              <value>
                <![CDATA[[TestResult name=title status=SUCCESS method=TestTitle.title()[pri:0, instance:testHomePage.TestTitle@77888435] output=Browser is launching]]]>
              </value>
            </param>
          </params>
          <reporter-output>
          </reporter-output>
        </test-method> <!-- afterEachTestMethod -->
        <test-method is-config="true" signature="cleanUp()[pri:0, instance:testHomePage.TestTitle@77888435]" started-at="2019-03-30T04:52:36Z" name="cleanUp" finished-at="2019-03-30T04:52:36Z" duration-ms="1" status="PASS">
          <reporter-output>
          </reporter-output>
        </test-method> <!-- cleanUp -->
        <test-method is-config="true" signature="generateReport()[pri:0, instance:testHomePage.TestTitle@77888435]" started-at="2019-03-30T04:52:36Z" name="generateReport" finished-at="2019-03-30T04:52:36Z" duration-ms="24" status="PASS">
          <reporter-output>
          </reporter-output>
        </test-method> <!-- generateReport -->
      </class> <!-- testHomePage.TestTitle -->
    </test> <!-- CapitalOne Home -->
  </suite> <!-- CapitalOne Automation Script  -->
</testng-results>
